<?xml version="1.0" encoding="UTF-8"?>
<!-- Generated by org.testng.reporters.JUnitReportReporter -->
<testsuite hostname="LAPTOP-H6MFK2QP" name="com.lyjs.test.LoginTest" tests="2" failures="0" timestamp="11 Nov 2022 06:03:57 GMT" time="0.000" errors="0">
  <testcase name="test02" time="0.000" classname="com.lyjs.test.LoginTest"/>
  <testcase name="test01" time="0.000" classname="com.lyjs.test.LoginTest"/>
</testsuite> <!-- com.lyjs.test.LoginTest -->
