<?xml version="1.0" encoding="UTF-8"?>
<!-- Generated by org.testng.reporters.JUnitReportReporter -->
<testsuite hostname="LAPTOP-H6MFK2QP" name="com.lyjs.test.IndexTest" tests="2" failures="0" timestamp="11 Nov 2022 07:20:07 GMT" time="0.005" errors="0">
  <testcase name="test01" time="0.005" classname="com.lyjs.test.IndexTest"/>
  <testcase name="test02" time="0.000" classname="com.lyjs.test.IndexTest"/>
</testsuite> <!-- com.lyjs.test.IndexTest -->
